2024-12-22 07:31:52.637+0000 INFO  Logging config in use: File 'D:\vue\campus-detection-warning-system\neo4j-community-5.26.0\conf\user-logs.xml'
2024-12-22 07:31:52.653+0000 INFO  Starting...
2024-12-22 07:31:53.593+0000 INFO  This instance is ServerId{59b0176d} (59b0176d-1405-4701-85a6-1b9b86bcb3d3)
2024-12-22 07:31:54.607+0000 INFO  ======== Neo4j 5.26.0 ========
2024-12-22 07:31:56.879+0000 INFO  Anonymous Usage Data is being sent to Neo4j, see https://neo4j.com/docs/usage-data/
2024-12-22 07:31:56.964+0000 INFO  Bolt enabled on localhost:7687.
2024-12-22 07:31:57.469+0000 INFO  HTTP enabled on localhost:7474.
2024-12-22 07:31:57.469+0000 INFO  Remote interface available at http://localhost:7474/
2024-12-22 07:31:57.472+0000 INFO  id: 025FD00834CC6D32B22804356DADE06F6D6484C0691D24B8BBF76D807477EFE5
2024-12-22 07:31:57.472+0000 INFO  name: system
2024-12-22 07:31:57.472+0000 INFO  creationDate: 2024-12-22T07:31:55.587Z
2024-12-22 07:31:57.472+0000 INFO  Started.
2024-12-23 06:38:20.193+0000 INFO  Logging config in use: File 'D:\vue\campus-detection-warning-system\neo4j-community-5.26.0\conf\user-logs.xml'
2024-12-23 06:38:20.201+0000 INFO  Starting...
2024-12-23 06:38:21.077+0000 INFO  This instance is ServerId{59b0176d} (59b0176d-1405-4701-85a6-1b9b86bcb3d3)
2024-12-23 06:38:22.147+0000 INFO  ======== Neo4j 5.26.0 ========
2024-12-23 06:38:24.510+0000 INFO  Anonymous Usage Data is being sent to Neo4j, see https://neo4j.com/docs/usage-data/
2024-12-23 06:38:24.590+0000 INFO  Bolt enabled on localhost:7687.
2024-12-23 06:38:25.101+0000 INFO  HTTP enabled on localhost:7474.
2024-12-23 06:38:25.101+0000 INFO  Remote interface available at http://localhost:7474/
2024-12-23 06:38:25.104+0000 INFO  id: 025FD00834CC6D32B22804356DADE06F6D6484C0691D24B8BBF76D807477EFE5
2024-12-23 06:38:25.105+0000 INFO  name: system
2024-12-23 06:38:25.105+0000 INFO  creationDate: 2024-12-22T07:31:55.587Z
2024-12-23 06:38:25.105+0000 INFO  Started.
2024-12-23 06:49:58.546+0000 INFO  Neo4j Server shutdown initiated by request
2024-12-23 06:49:58.547+0000 INFO  Stopping...
2024-12-23 08:53:07.086+0000 INFO  Logging config in use: File 'D:\vue\campus-detection-warning-system\neo4j-community-5.26.0\conf\user-logs.xml'
2024-12-23 08:53:07.114+0000 INFO  Starting...
2024-12-23 08:53:08.928+0000 INFO  This instance is ServerId{59b0176d} (59b0176d-1405-4701-85a6-1b9b86bcb3d3)
2024-12-23 08:53:11.892+0000 INFO  ======== Neo4j 5.26.0 ========
2024-12-23 08:53:17.835+0000 INFO  Anonymous Usage Data is being sent to Neo4j, see https://neo4j.com/docs/usage-data/
2024-12-23 08:53:18.158+0000 INFO  Bolt enabled on localhost:7687.
2024-12-23 08:53:20.146+0000 INFO  HTTP enabled on localhost:7474.
2024-12-23 08:53:20.148+0000 INFO  Remote interface available at http://localhost:7474/
2024-12-23 08:53:20.158+0000 INFO  id: 025FD00834CC6D32B22804356DADE06F6D6484C0691D24B8BBF76D807477EFE5
2024-12-23 08:53:20.159+0000 INFO  name: system
2024-12-23 08:53:20.159+0000 INFO  creationDate: 2024-12-22T07:31:55.587Z
2024-12-23 08:53:20.160+0000 INFO  Started.
2024-12-26 02:02:00.897+0000 INFO  Logging config in use: File 'D:\vue\campus-detection-warning-system\neo4j-community-5.26.0\conf\user-logs.xml'
2024-12-26 02:02:00.917+0000 INFO  Starting...
2024-12-26 02:02:01.747+0000 INFO  This instance is ServerId{59b0176d} (59b0176d-1405-4701-85a6-1b9b86bcb3d3)
2024-12-26 02:02:02.709+0000 INFO  ======== Neo4j 5.26.0 ========
2024-12-26 02:02:04.773+0000 INFO  Anonymous Usage Data is being sent to Neo4j, see https://neo4j.com/docs/usage-data/
2024-12-26 02:02:04.859+0000 INFO  Bolt enabled on localhost:7687.
2024-12-26 02:02:05.403+0000 INFO  HTTP enabled on localhost:7474.
2024-12-26 02:02:05.404+0000 INFO  Remote interface available at http://localhost:7474/
2024-12-26 02:02:05.407+0000 INFO  id: 025FD00834CC6D32B22804356DADE06F6D6484C0691D24B8BBF76D807477EFE5
2024-12-26 02:02:05.408+0000 INFO  name: system
2024-12-26 02:02:05.408+0000 INFO  creationDate: 2024-12-22T07:31:55.587Z
2024-12-26 02:02:05.408+0000 INFO  Started.
2024-12-27 01:06:48.958+0000 INFO  Logging config in use: File 'D:\vue\campus-detection-warning-system\neo4j-community-5.26.0\conf\user-logs.xml'
2024-12-27 01:06:48.990+0000 INFO  Starting...
2024-12-27 01:06:49.898+0000 INFO  This instance is ServerId{59b0176d} (59b0176d-1405-4701-85a6-1b9b86bcb3d3)
2024-12-27 01:06:50.981+0000 INFO  ======== Neo4j 5.26.0 ========
2024-12-27 01:06:53.148+0000 INFO  Anonymous Usage Data is being sent to Neo4j, see https://neo4j.com/docs/usage-data/
2024-12-27 01:06:53.236+0000 INFO  Bolt enabled on localhost:7687.
2024-12-27 01:06:53.772+0000 INFO  HTTP enabled on localhost:7474.
2024-12-27 01:06:53.773+0000 INFO  Remote interface available at http://localhost:7474/
2024-12-27 01:06:53.775+0000 INFO  id: 025FD00834CC6D32B22804356DADE06F6D6484C0691D24B8BBF76D807477EFE5
2024-12-27 01:06:53.775+0000 INFO  name: system
2024-12-27 01:06:53.776+0000 INFO  creationDate: 2024-12-22T07:31:55.587Z
2024-12-27 01:06:53.776+0000 INFO  Started.
2024-12-31 01:29:15.880+0000 INFO  Logging config in use: File 'D:\vue\campus-detection-warning-system\neo4j-community-5.26.0\conf\user-logs.xml'
2024-12-31 01:29:15.932+0000 INFO  Starting...
2024-12-31 01:29:21.439+0000 INFO  This instance is ServerId{59b0176d} (59b0176d-1405-4701-85a6-1b9b86bcb3d3)
2024-12-31 01:29:25.599+0000 INFO  ======== Neo4j 5.26.0 ========
2024-12-31 01:29:32.254+0000 INFO  Anonymous Usage Data is being sent to Neo4j, see https://neo4j.com/docs/usage-data/
2024-12-31 01:29:32.659+0000 INFO  Bolt enabled on localhost:7687.
2024-12-31 01:29:34.711+0000 INFO  HTTP enabled on localhost:7474.
2024-12-31 01:29:34.713+0000 INFO  Remote interface available at http://localhost:7474/
2024-12-31 01:29:34.721+0000 INFO  id: 025FD00834CC6D32B22804356DADE06F6D6484C0691D24B8BBF76D807477EFE5
2024-12-31 01:29:34.722+0000 INFO  name: system
2024-12-31 01:29:34.722+0000 INFO  creationDate: 2024-12-22T07:31:55.587Z
2024-12-31 01:29:34.723+0000 INFO  Started.
2025-03-22 06:48:46.812+0000 INFO  Logging config in use: File 'D:\vue\campus-detection-warning-system\neo4j-community-5.26.0\conf\user-logs.xml'
2025-03-22 06:48:46.847+0000 INFO  Starting...
2025-03-22 06:48:47.794+0000 INFO  This instance is ServerId{59b0176d} (59b0176d-1405-4701-85a6-1b9b86bcb3d3)
2025-03-22 06:48:48.900+0000 INFO  ======== Neo4j 5.26.0 ========
2025-03-22 06:48:50.511+0000 INFO  Anonymous Usage Data is being sent to Neo4j, see https://neo4j.com/docs/usage-data/
2025-03-22 06:48:50.600+0000 INFO  Bolt enabled on localhost:7687.
2025-03-22 06:48:51.124+0000 INFO  HTTP enabled on localhost:7474.
2025-03-22 06:48:51.124+0000 INFO  Remote interface available at http://localhost:7474/
2025-03-22 06:48:51.126+0000 INFO  id: 025FD00834CC6D32B22804356DADE06F6D6484C0691D24B8BBF76D807477EFE5
2025-03-22 06:48:51.128+0000 INFO  name: system
2025-03-22 06:48:51.128+0000 INFO  creationDate: 2024-12-22T07:31:55.587Z
2025-03-22 06:48:51.128+0000 INFO  Started.
2025-03-22 06:54:33.417+0000 INFO  Neo4j Server shutdown initiated by request
2025-03-22 06:54:33.417+0000 INFO  Stopping...
2025-03-22 06:54:44.391+0000 INFO  Stopped.
2025-03-23 01:21:15.784+0000 INFO  Logging config in use: File 'D:\vue\campus-detection-warning-system\neo4j-community-5.26.0\conf\user-logs.xml'
2025-03-23 01:21:15.799+0000 INFO  Starting...
2025-03-23 01:21:16.609+0000 INFO  This instance is ServerId{59b0176d} (59b0176d-1405-4701-85a6-1b9b86bcb3d3)
2025-03-23 01:21:17.631+0000 INFO  ======== Neo4j 5.26.0 ========
2025-03-23 01:21:19.486+0000 INFO  Anonymous Usage Data is being sent to Neo4j, see https://neo4j.com/docs/usage-data/
2025-03-23 01:21:19.574+0000 INFO  Bolt enabled on localhost:7687.
2025-03-23 01:21:20.062+0000 INFO  HTTP enabled on localhost:7474.
2025-03-23 01:21:20.063+0000 INFO  Remote interface available at http://localhost:7474/
2025-03-23 01:21:20.065+0000 INFO  id: 025FD00834CC6D32B22804356DADE06F6D6484C0691D24B8BBF76D807477EFE5
2025-03-23 01:21:20.065+0000 INFO  name: system
2025-03-23 01:21:20.066+0000 INFO  creationDate: 2024-12-22T07:31:55.587Z
2025-03-23 01:21:20.066+0000 INFO  Started.
2025-03-23 03:49:43.166+0000 INFO  Neo4j Server shutdown initiated by request
2025-03-23 03:49:43.191+0000 INFO  Stopping...
2025-03-24 03:34:46.833+0000 INFO  Logging config in use: File 'D:\vue\campus-detection-warning-system\neo4j-community-5.26.0\conf\user-logs.xml'
2025-03-24 03:34:46.851+0000 INFO  Starting...
2025-03-24 03:34:47.741+0000 INFO  This instance is ServerId{59b0176d} (59b0176d-1405-4701-85a6-1b9b86bcb3d3)
2025-03-24 03:34:48.820+0000 INFO  ======== Neo4j 5.26.0 ========
2025-03-24 03:34:50.712+0000 INFO  Anonymous Usage Data is being sent to Neo4j, see https://neo4j.com/docs/usage-data/
2025-03-24 03:34:50.796+0000 INFO  Bolt enabled on localhost:7687.
2025-03-24 03:34:51.330+0000 INFO  HTTP enabled on localhost:7474.
2025-03-24 03:34:51.330+0000 INFO  Remote interface available at http://localhost:7474/
2025-03-24 03:34:51.333+0000 INFO  id: 025FD00834CC6D32B22804356DADE06F6D6484C0691D24B8BBF76D807477EFE5
2025-03-24 03:34:51.333+0000 INFO  name: system
2025-03-24 03:34:51.334+0000 INFO  creationDate: 2024-12-22T07:31:55.587Z
2025-03-24 03:34:51.334+0000 INFO  Started.
2025-03-24 13:44:43.244+0000 INFO  Logging config in use: File 'D:\vue\campus-detection-warning-system\neo4j-community-5.26.0\conf\user-logs.xml'
2025-03-24 13:44:43.275+0000 INFO  Starting...
2025-03-24 13:44:46.357+0000 INFO  This instance is ServerId{59b0176d} (59b0176d-1405-4701-85a6-1b9b86bcb3d3)
2025-03-24 13:44:49.657+0000 INFO  ======== Neo4j 5.26.0 ========
2025-03-24 13:44:56.699+0000 INFO  Anonymous Usage Data is being sent to Neo4j, see https://neo4j.com/docs/usage-data/
2025-03-24 13:44:56.999+0000 INFO  Bolt enabled on localhost:7687.
2025-03-24 13:44:59.540+0000 INFO  HTTP enabled on localhost:7474.
2025-03-24 13:44:59.545+0000 INFO  Remote interface available at http://localhost:7474/
2025-03-24 13:44:59.556+0000 INFO  id: 025FD00834CC6D32B22804356DADE06F6D6484C0691D24B8BBF76D807477EFE5
2025-03-24 13:44:59.556+0000 INFO  name: system
2025-03-24 13:44:59.557+0000 INFO  creationDate: 2024-12-22T07:31:55.587Z
2025-03-24 13:44:59.558+0000 INFO  Started.
2025-03-27 11:42:24.056+0000 INFO  Logging config in use: File 'D:\vue\campus-detection-warning-system\neo4j-community-5.26.0\conf\user-logs.xml'
2025-03-27 11:42:24.077+0000 INFO  Starting...
2025-03-27 11:42:24.962+0000 INFO  This instance is ServerId{59b0176d} (59b0176d-1405-4701-85a6-1b9b86bcb3d3)
2025-03-27 11:42:26.048+0000 INFO  ======== Neo4j 5.26.0 ========
2025-03-27 11:42:30.688+0000 INFO  Anonymous Usage Data is being sent to Neo4j, see https://neo4j.com/docs/usage-data/
2025-03-27 11:42:30.951+0000 INFO  Bolt enabled on localhost:7687.
2025-03-27 11:42:32.534+0000 INFO  HTTP enabled on localhost:7474.
2025-03-27 11:42:32.535+0000 INFO  Remote interface available at http://localhost:7474/
2025-03-27 11:42:32.543+0000 INFO  id: 025FD00834CC6D32B22804356DADE06F6D6484C0691D24B8BBF76D807477EFE5
2025-03-27 11:42:32.544+0000 INFO  name: system
2025-03-27 11:42:32.545+0000 INFO  creationDate: 2024-12-22T07:31:55.587Z
2025-03-27 11:42:32.546+0000 INFO  Started.
2025-03-27 11:52:43.623+0000 WARN  [bolt-32] The client is unauthorized due to authentication failure.
2025-03-27 11:52:43.995+0000 WARN  [bolt-33] The client is unauthorized due to authentication failure.
2025-03-27 11:52:44.315+0000 WARN  [bolt-34] The client is unauthorized due to authentication failure.
2025-03-27 11:53:23.657+0000 WARN  [bolt-45] The client is unauthorized due to authentication failure.
2025-03-27 11:53:24.006+0000 WARN  [bolt-46] The client is unauthorized due to authentication failure.
2025-03-27 11:53:24.331+0000 WARN  [bolt-47] The client is unauthorized due to authentication failure.
2025-03-27 14:08:26.362+0000 INFO  Neo4j Server shutdown initiated by request
2025-03-27 14:08:26.365+0000 INFO  Stopping...
2025-03-29 13:16:47.528+0000 INFO  Logging config in use: File 'D:\vue\campus-detection-warning-system\neo4j-community-5.26.0\conf\user-logs.xml'
2025-03-29 13:16:47.546+0000 INFO  Starting...
2025-03-29 13:16:48.354+0000 INFO  This instance is ServerId{59b0176d} (59b0176d-1405-4701-85a6-1b9b86bcb3d3)
2025-03-29 13:16:49.435+0000 INFO  ======== Neo4j 5.26.0 ========
2025-03-29 13:16:52.911+0000 INFO  Anonymous Usage Data is being sent to Neo4j, see https://neo4j.com/docs/usage-data/
2025-03-29 13:16:53.123+0000 INFO  Bolt enabled on localhost:7687.
2025-03-29 13:16:54.486+0000 INFO  HTTP enabled on localhost:7474.
2025-03-29 13:16:54.487+0000 INFO  Remote interface available at http://localhost:7474/
2025-03-29 13:16:54.491+0000 INFO  id: 025FD00834CC6D32B22804356DADE06F6D6484C0691D24B8BBF76D807477EFE5
2025-03-29 13:16:54.492+0000 INFO  name: system
2025-03-29 13:16:54.492+0000 INFO  creationDate: 2024-12-22T07:31:55.587Z
2025-03-29 13:16:54.492+0000 INFO  Started.
2025-03-29 13:59:58.748+0000 INFO  Neo4j Server shutdown initiated by request
2025-03-29 13:59:58.752+0000 INFO  Stopping...
